<?xml version="1.0" encoding="UTF-8"?>
<!-- Generated by org.testng.reporters.JUnitReportReporter -->
<testsuite skipped="0" hostname="Laptop-Toshiba" name="Oauth2.Oauth2GitHub" tests="1" failures="0" timestamp="2021-10-22T12:09:55 CDT" time="3.960" errors="0">
  <testcase name="oAuthGit" time="3.960" classname="Oauth2.Oauth2GitHub"/>
  <system-out/>
</testsuite> <!-- Oauth2.Oauth2GitHub -->
