<?xml version="1.0" encoding="UTF-8"?>
<!-- Generated by org.testng.reporters.JUnitReportReporter -->
<testsuite skipped="0" hostname="Laptop-Toshiba" name="VedangRecording.getRequestBdd" tests="4" failures="0" timestamp="2021-10-19T22:41:07 CDT" time="7.210" errors="0">
  <testcase name="complexJson" time="0.294" classname="VedangRecording.getRequestBdd"/>
  <system-out/>
  <testcase name="countPhoto" time="0.800" classname="VedangRecording.getRequestBdd"/>
  <system-out/>
  <testcase name="multipleAssert" time="0.201" classname="VedangRecording.getRequestBdd"/>
  <system-out/>
  <testcase name="assertBody" time="5.915" classname="VedangRecording.getRequestBdd"/>
  <system-out/>
</testsuite> <!-- VedangRecording.getRequestBdd -->
