<?xml version="1.0" encoding="UTF-8"?>
<!-- Generated by org.testng.reporters.JUnitReportReporter -->
<testsuite skipped="0" hostname="Laptop-Toshiba" name="RestAssuredForNormalFramework.postRequest" tests="1" failures="0" timestamp="2021-10-18T18:14:32 CDT" time="3.979" errors="0">
  <testcase name="postMapApi" time="3.979" classname="RestAssuredForNormalFramework.postRequest"/>
  <system-out/>
</testsuite> <!-- RestAssuredForNormalFramework.postRequest -->
