<?xml version="1.0" encoding="UTF-8"?>
<!-- Generated by org.testng.reporters.JUnitReportReporter -->
<testsuite skipped="0" hostname="Laptop-Toshiba" name="RestAssuredForNormalFramework.PutRequest" tests="1" failures="0" timestamp="2021-10-18T18:05:31 CDT" time="4.032" errors="0">
  <testcase name="putReq" time="4.032" classname="RestAssuredForNormalFramework.PutRequest"/>
  <system-out/>
</testsuite> <!-- RestAssuredForNormalFramework.PutRequest -->
