<?xml version="1.0" encoding="UTF-8"?>
<!-- Generated by org.testng.reporters.JUnitReportReporter -->
<testsuite skipped="0" hostname="Laptop-Toshiba" name="rest_parameter" tests="1" failures="0" timestamp="2021-10-07T12:20:49 CDT" time="8.488" errors="0">
  <testcase name="addBook" time="8.488" classname="rest_parameter"/>
  <system-out/>
</testsuite> <!-- rest_parameter -->
