<?xml version="1.0" encoding="UTF-8"?>
<!-- Generated by org.testng.reporters.JUnitReportReporter -->
<testsuite skipped="0" hostname="Laptop-Toshiba" name="RestAssuredForNormalFramework.deleteRequest" tests="1" failures="0" timestamp="2021-10-18T18:13:56 CDT" time="3.992" errors="0">
  <testcase name="deleteData" time="3.992" classname="RestAssuredForNormalFramework.deleteRequest"/>
  <system-out/>
</testsuite> <!-- RestAssuredForNormalFramework.deleteRequest -->
