<?xml version="1.0" encoding="UTF-8"?>
<!-- Generated by org.testng.reporters.JUnitReportReporter -->
<testsuite skipped="0" hostname="Laptop-Toshiba" name="RestAssuredForNormalFramework.GetRequest" tests="1" failures="0" timestamp="2021-10-17T23:11:05 CDT" time="6.056" errors="0">
  <testcase name="getRequestWeater" time="6.056" classname="RestAssuredForNormalFramework.GetRequest"/>
  <system-out/>
</testsuite> <!-- RestAssuredForNormalFramework.GetRequest -->
