<?xml version="1.0" encoding="UTF-8"?>
<!-- Generated by org.testng.reporters.JUnitReportReporter -->
<testsuite skipped="0" hostname="Laptop-Toshiba" name="restDataDriven" tests="3" failures="0" timestamp="2021-10-07T13:24:51 CDT" time="7.838" errors="0">
  <testcase name="addBookData" time="1.199" classname="restDataDriven"/>
  <system-out/>
  <testcase name="addBookData" time="5.389" classname="restDataDriven"/>
  <system-out/>
  <testcase name="addBookData" time="1.250" classname="restDataDriven"/>
  <system-out/>
</testsuite> <!-- restDataDriven -->
