<?xml version="1.0" encoding="UTF-8"?>
<!-- Generated by org.testng.reporters.JUnitReportReporter -->
<testsuite skipped="0" hostname="Laptop-Toshiba" name="VedangRecording.BasicAuthentication" tests="2" failures="0" timestamp="2021-10-22T11:07:23 CDT" time="4.486" errors="0">
  <testcase name="basicChallengedAuth" time="0.449" classname="VedangRecording.BasicAuthentication"/>
  <system-out/>
  <testcase name="basicAuthPostmanAPI" time="4.037" classname="VedangRecording.BasicAuthentication"/>
  <system-out/>
</testsuite> <!-- VedangRecording.BasicAuthentication -->
