<?xml version="1.0" encoding="UTF-8"?>
<!-- Generated by org.testng.reporters.JUnitReportReporter -->
<testsuite skipped="0" hostname="Laptop-Toshiba" name="validateSumAmount" tests="1" failures="0" timestamp="2021-10-06T10:36:31 CDT" time="2.385" errors="0">
  <testcase name="validateAmount" time="2.385" classname="validateSumAmount"/>
  <system-out/>
</testsuite> <!-- validateSumAmount -->
