<?xml version="1.0" encoding="UTF-8"?>
<!-- Generated by org.testng.reporters.JUnitReportReporter -->
<testsuite skipped="0" hostname="Laptop-Toshiba" name="RestAssuredForNormalFramework.dummyGetEmployeeapi" tests="1" failures="0" timestamp="2021-10-18T17:19:20 CDT" time="4.516" errors="0">
  <testcase name="dummyEmpGet" time="4.516" classname="RestAssuredForNormalFramework.dummyGetEmployeeapi"/>
  <system-out/>
</testsuite> <!-- RestAssuredForNormalFramework.dummyGetEmployeeapi -->
